<?xml version="1.0" encoding="UTF-8"?>
<coverage generated="1722359525859" clover="3.2.0">
  <project timestamp="1722359525859" name="All files">
    <metrics statements="28" coveredstatements="25" conditionals="5" coveredconditionals="4" methods="10" coveredmethods="9" elements="43" coveredelements="38" complexity="0" loc="28" ncloc="28" packages="1" files="2" classes="2"/>
    <file name="singletonTree.model.ts" path="/Users/sibachoudhury/gitrepos/interviews-services_sibaprasadtech/typescript/src/model/singletonTree.model.ts">
      <metrics statements="9" coveredstatements="9" conditionals="1" coveredconditionals="1" methods="3" coveredmethods="3"/>
      <line num="1" count="1" type="stmt"/>
      <line num="3" count="1" type="stmt"/>
      <line num="4" count="1" type="stmt"/>
      <line num="7" count="3" type="stmt"/>
      <line num="10" count="4" type="cond" truecount="1" falsecount="0"/>
      <line num="11" count="3" type="stmt"/>
      <line num="12" count="3" type="stmt"/>
      <line num="14" count="1" type="stmt"/>
      <line num="17" count="3" type="stmt"/>
    </file>
    <file name="tree.model.ts" path="/Users/sibachoudhury/gitrepos/interviews-services_sibaprasadtech/typescript/src/model/tree.model.ts">
      <metrics statements="19" coveredstatements="16" conditionals="4" coveredconditionals="3" methods="7" coveredmethods="6"/>
      <line num="8" count="2" type="stmt"/>
      <line num="16" count="24" type="stmt"/>
      <line num="17" count="24" type="stmt"/>
      <line num="18" count="24" type="stmt"/>
      <line num="24" count="22" type="stmt"/>
      <line num="25" count="22" type="cond" truecount="1" falsecount="0"/>
      <line num="26" count="14" type="stmt"/>
      <line num="27" count="14" type="stmt"/>
      <line num="28" count="14" type="stmt"/>
      <line num="30" count="8" type="stmt"/>
      <line num="31" count="7" type="cond" truecount="2" falsecount="0"/>
      <line num="33" count="8" type="stmt"/>
      <line num="36" count="14" type="stmt"/>
      <line num="39" count="7" type="stmt"/>
      <line num="42" count="0" type="stmt"/>
      <line num="43" count="0" type="stmt"/>
      <line num="44" count="0" type="stmt"/>
      <line num="48" count="21" type="stmt"/>
      <line num="51" count="14" type="stmt"/>
    </file>
  </project>
</coverage>
