{"/Users/sibachoudhury/gitrepos/interviews-services_sibaprasadtech/typescript/src/model/singletonTree.model.ts": {"path":"/Users/sibachoudhury/gitrepos/interviews-services_sibaprasadtech/typescript/src/model/singletonTree.model.ts","statementMap":{"0":{"start":{"line":1,"column":0},"end":{"line":1,"column":36}},"1":{"start":{"line":7,"column":8},"end":{"line":7,"column":38}},"2":{"start":{"line":10,"column":8},"end":{"line":13,"column":9}},"3":{"start":{"line":11,"column":12},"end":{"line":11,"column":62}},"4":{"start":{"line":12,"column":12},"end":{"line":12,"column":null}},"5":{"start":{"line":14,"column":8},"end":{"line":14,"column":43}},"6":{"start":{"line":17,"column":8},"end":{"line":17,"column":38}},"7":{"start":{"line":3,"column":0},"end":{"line":3,"column":13}},"8":{"start":{"line":4,"column":11},"end":{"line":4,"column":49}}},"fnMap":{"0":{"name":"(anonymous_0)","decl":{"start":{"line":6,"column":4},"end":{"line":6,"column":24}},"loc":{"start":{"line":6,"column":37},"end":{"line":8,"column":5}}},"1":{"name":"(anonymous_1)","decl":{"start":{"line":9,"column":11},"end":{"line":9,"column":17}},"loc":{"start":{"line":9,"column":41},"end":{"line":15,"column":5}}},"2":{"name":"(anonymous_2)","decl":{"start":{"line":16,"column":11},"end":{"line":16,"column":17}},"loc":{"start":{"line":16,"column":27},"end":{"line":18,"column":5}}}},"branchMap":{"0":{"loc":{"start":{"line":10,"column":8},"end":{"line":13,"column":9}},"type":"if","locations":[{"start":{"line":10,"column":8},"end":{"line":13,"column":9}}]}},"s":{"0":1,"1":3,"2":4,"3":3,"4":3,"5":1,"6":3,"7":1,"8":1},"f":{"0":3,"1":4,"2":3},"b":{"0":[3]}}
,"/Users/sibachoudhury/gitrepos/interviews-services_sibaprasadtech/typescript/src/model/tree.model.ts": {"path":"/Users/sibachoudhury/gitrepos/interviews-services_sibaprasadtech/typescript/src/model/tree.model.ts","statementMap":{"0":{"start":{"line":16,"column":8},"end":{"line":16,"column":21}},"1":{"start":{"line":17,"column":8},"end":{"line":17,"column":28}},"2":{"start":{"line":18,"column":8},"end":{"line":21,"column":null}},"3":{"start":{"line":24,"column":20},"end":{"line":24,"column":25}},"4":{"start":{"line":25,"column":8},"end":{"line":29,"column":9}},"5":{"start":{"line":26,"column":28},"end":{"line":26,"column":57}},"6":{"start":{"line":27,"column":12},"end":{"line":27,"column":48}},"7":{"start":{"line":28,"column":12},"end":{"line":28,"column":null}},"8":{"start":{"line":30,"column":8},"end":{"line":32,"column":9}},"9":{"start":{"line":31,"column":12},"end":{"line":31,"column":63}},"10":{"start":{"line":33,"column":8},"end":{"line":33,"column":null}},"11":{"start":{"line":36,"column":8},"end":{"line":36,"column":null}},"12":{"start":{"line":39,"column":8},"end":{"line":39,"column":30}},"13":{"start":{"line":42,"column":8},"end":{"line":42,"column":59}},"14":{"start":{"line":43,"column":8},"end":{"line":45,"column":9}},"15":{"start":{"line":44,"column":12},"end":{"line":44,"column":48}},"16":{"start":{"line":48,"column":8},"end":{"line":53,"column":null}},"17":{"start":{"line":51,"column":61},"end":{"line":51,"column":75}},"18":{"start":{"line":8,"column":0},"end":{"line":8,"column":13}}},"fnMap":{"0":{"name":"(anonymous_0)","decl":{"start":{"line":15,"column":4},"end":{"line":15,"column":16}},"loc":{"start":{"line":15,"column":41},"end":{"line":22,"column":5}}},"1":{"name":"(anonymous_1)","decl":{"start":{"line":23,"column":4},"end":{"line":23,"column":11}},"loc":{"start":{"line":23,"column":42},"end":{"line":34,"column":5}}},"2":{"name":"(anonymous_2)","decl":{"start":{"line":35,"column":4},"end":{"line":35,"column":10}},"loc":{"start":{"line":35,"column":10},"end":{"line":37,"column":5}}},"3":{"name":"(anonymous_3)","decl":{"start":{"line":38,"column":4},"end":{"line":38,"column":10}},"loc":{"start":{"line":38,"column":16},"end":{"line":40,"column":5}}},"4":{"name":"(anonymous_4)","decl":{"start":{"line":41,"column":4},"end":{"line":41,"column":13}},"loc":{"start":{"line":41,"column":38},"end":{"line":46,"column":5}}},"5":{"name":"(anonymous_5)","decl":{"start":{"line":47,"column":4},"end":{"line":47,"column":10}},"loc":{"start":{"line":47,"column":10},"end":{"line":54,"column":5}}},"6":{"name":"(anonymous_6)","decl":{"start":{"line":51,"column":52},"end":{"line":51,"column":57}},"loc":{"start":{"line":51,"column":61},"end":{"line":51,"column":75}}}},"branchMap":{"0":{"loc":{"start":{"line":25,"column":8},"end":{"line":29,"column":9}},"type":"if","locations":[{"start":{"line":25,"column":8},"end":{"line":29,"column":9}}]},"1":{"loc":{"start":{"line":31,"column":20},"end":{"line":31,"column":62}},"type":"binary-expr","locations":[{"start":{"line":31,"column":20},"end":{"line":31,"column":25}},{"start":{"line":31,"column":29},"end":{"line":31,"column":62}}]},"2":{"loc":{"start":{"line":41,"column":14},"end":{"line":41,"column":38}},"type":"default-arg","locations":[{"start":{"line":41,"column":36},"end":{"line":41,"column":38}}]}},"s":{"0":24,"1":24,"2":24,"3":22,"4":22,"5":14,"6":14,"7":14,"8":8,"9":7,"10":8,"11":14,"12":7,"13":0,"14":0,"15":0,"16":21,"17":14,"18":2},"f":{"0":24,"1":22,"2":14,"3":7,"4":0,"5":21,"6":14},"b":{"0":[14],"1":[7,7],"2":[0]}}
}
