TN:
SF:src/model/singletonTree.model.ts
FN:6,(anonymous_0)
FN:9,(anonymous_1)
FN:16,(anonymous_2)
FNF:3
FNH:3
FNDA:3,(anonymous_0)
FNDA:4,(anonymous_1)
FNDA:3,(anonymous_2)
DA:1,1
DA:3,1
DA:4,1
DA:7,3
DA:10,4
DA:11,3
DA:12,3
DA:14,1
DA:17,3
LF:9
LH:9
BRDA:10,0,0,3
BRF:1
BRH:1
end_of_record
TN:
SF:src/model/tree.model.ts
FN:15,(anonymous_0)
FN:23,(anonymous_1)
FN:35,(anonymous_2)
FN:38,(anonymous_3)
FN:41,(anonymous_4)
FN:47,(anonymous_5)
FN:51,(anonymous_6)
FNF:7
FNH:6
FNDA:24,(anonymous_0)
FNDA:22,(anonymous_1)
FNDA:14,(anonymous_2)
FNDA:7,(anonymous_3)
FNDA:0,(anonymous_4)
FNDA:21,(anonymous_5)
FNDA:14,(anonymous_6)
DA:8,2
DA:16,24
DA:17,24
DA:18,24
DA:24,22
DA:25,22
DA:26,14
DA:27,14
DA:28,14
DA:30,8
DA:31,7
DA:33,8
DA:36,14
DA:39,7
DA:42,0
DA:43,0
DA:44,0
DA:48,21
DA:51,14
LF:19
LH:16
BRDA:25,0,0,14
BRDA:31,1,0,7
BRDA:31,1,1,7
BRDA:41,2,0,0
BRF:4
BRH:3
end_of_record
